#! /usr/local/Cellar/icarus-verilog/10.3/bin/vvp
:ivl_version "10.3 (stable)" "(v10_3)";
:ivl_delay_selection "TYPICAL";
:vpi_time_precision - 12;
:vpi_module "system";
:vpi_module "vhdl_sys";
:vpi_module "v2005_math";
:vpi_module "va_math";
S_0x7ff238c0cdb0 .scope module, "tbxxx" "tbxxx" 2 6;
 .timescale -12 -12;
v0x7ff238c1d590_0 .var "clk", 0 0;
v0x7ff238c1d650_0 .var "rst", 0 0;
v0x7ff238c1d700_0 .var "start", 7 0;
v0x7ff238c1d7d0_0 .var "stop", 7 0;
v0x7ff238c1d880_0 .net "sum", 16 0, v0x7ff238c1d040_0;  1 drivers
S_0x7ff238c0cf10 .scope module, "s" "sum100" 2 25, 3 4 0, S_0x7ff238c0cdb0;
 .timescale 0 0;
    .port_info 0 /INPUT 1 "clk"
    .port_info 1 /INPUT 1 "rst"
    .port_info 2 /INPUT 8 "start"
    .port_info 3 /INPUT 8 "stop"
    .port_info 4 /OUTPUT 17 "sum"
v0x7ff238c038a0_0 .net "clk", 0 0, v0x7ff238c1d590_0;  1 drivers
v0x7ff238c1cd60_0 .var "i", 7 0;
v0x7ff238c1ce00_0 .net "rst", 0 0, v0x7ff238c1d650_0;  1 drivers
v0x7ff238c1ceb0_0 .net "start", 7 0, v0x7ff238c1d700_0;  1 drivers
v0x7ff238c1cf50_0 .net "stop", 7 0, v0x7ff238c1d7d0_0;  1 drivers
v0x7ff238c1d040_0 .var "sum", 16 0;
E_0x7ff238c06080/0 .event negedge, v0x7ff238c1ce00_0;
E_0x7ff238c06080/1 .event posedge, v0x7ff238c038a0_0;
E_0x7ff238c06080 .event/or E_0x7ff238c06080/0, E_0x7ff238c06080/1;
S_0x7ff238c1d170 .scope task, "test" "test" 2 26, 2 26 0, S_0x7ff238c0cdb0;
 .timescale -12 -12;
v0x7ff238c1d360_0 .var "in1", 7 0;
v0x7ff238c1d420_0 .var "in2", 7 0;
v0x7ff238c1d4d0_0 .var "in3", 16 0;
E_0x7ff238c05c70 .event negedge, v0x7ff238c038a0_0;
E_0x7ff238c1d320 .event posedge, v0x7ff238c038a0_0;
TD_tbxxx.test ;
    %load/vec4 v0x7ff238c1d360_0;
    %store/vec4 v0x7ff238c1d700_0, 0, 8;
    %load/vec4 v0x7ff238c1d420_0;
    %store/vec4 v0x7ff238c1d7d0_0, 0, 8;
    %wait E_0x7ff238c1d320;
    %wait E_0x7ff238c05c70;
    %load/vec4 v0x7ff238c1d880_0;
    %load/vec4 v0x7ff238c1d4d0_0;
    %cmp/e;
    %jmp/0xz  T_0.0, 4;
    %vpi_call 2 36 "$display", "It works." {0 0 0};
    %jmp T_0.1;
T_0.0 ;
    %vpi_call 2 38 "$display", "Not works." {0 0 0};
T_0.1 ;
    %end;
    .scope S_0x7ff238c0cf10;
T_1 ;
    %pushi/vec4 0, 0, 17;
    %store/vec4 v0x7ff238c1d040_0, 0, 17;
    %pushi/vec4 0, 0, 8;
    %store/vec4 v0x7ff238c1cd60_0, 0, 8;
    %end;
    .thread T_1;
    .scope S_0x7ff238c0cf10;
T_2 ;
    %wait E_0x7ff238c06080;
    %load/vec4 v0x7ff238c1ce00_0;
    %nor/r;
    %flag_set/vec4 8;
    %jmp/0xz  T_2.0, 8;
    %pushi/vec4 0, 0, 17;
    %assign/vec4 v0x7ff238c1d040_0, 0;
    %jmp T_2.1;
T_2.0 ;
    %load/vec4 v0x7ff238c1ceb0_0;
    %store/vec4 v0x7ff238c1cd60_0, 0, 8;
T_2.2 ;
    %load/vec4 v0x7ff238c1cd60_0;
    %load/vec4 v0x7ff238c1cf50_0;
    %cmp/u;
    %flag_or 5, 4;
    %jmp/0xz T_2.3, 5;
    %load/vec4 v0x7ff238c1d040_0;
    %load/vec4 v0x7ff238c1cd60_0;
    %pad/u 17;
    %add;
    %store/vec4 v0x7ff238c1d040_0, 0, 17;
    %load/vec4 v0x7ff238c1cd60_0;
    %pushi/vec4 1, 0, 8;
    %add;
    %store/vec4 v0x7ff238c1cd60_0, 0, 8;
    %jmp T_2.2;
T_2.3 ;
T_2.1 ;
    %jmp T_2;
    .thread T_2;
    .scope S_0x7ff238c0cdb0;
T_3 ;
    %vpi_call 2 13 "$dumpfile", "wave.vcd" {0 0 0};
    %vpi_call 2 14 "$dumpvars" {0 0 0};
    %pushi/vec4 1, 0, 1;
    %store/vec4 v0x7ff238c1d650_0, 0, 1;
    %pushi/vec4 1, 0, 8;
    %store/vec4 v0x7ff238c1d360_0, 0, 8;
    %pushi/vec4 3, 0, 8;
    %store/vec4 v0x7ff238c1d420_0, 0, 8;
    %pushi/vec4 6, 0, 17;
    %store/vec4 v0x7ff238c1d4d0_0, 0, 17;
    %fork TD_tbxxx.test, S_0x7ff238c1d170;
    %join;
    %vpi_call 2 17 "$finish" {0 0 0};
    %end;
    .thread T_3;
    .scope S_0x7ff238c0cdb0;
T_4 ;
    %delay 5, 0;
    %pushi/vec4 0, 0, 1;
    %store/vec4 v0x7ff238c1d590_0, 0, 1;
    %delay 5, 0;
    %pushi/vec4 1, 0, 1;
    %store/vec4 v0x7ff238c1d590_0, 0, 1;
    %jmp T_4;
    .thread T_4;
# The file index is used to find the file name in the following table.
:file_names 4;
    "N/A";
    "<interactive>";
    "tb.v";
    "sum100.v";
