#! /usr/local/Cellar/icarus-verilog/10.3/bin/vvp
:ivl_version "10.3 (stable)" "(v10_3)";
:ivl_delay_selection "TYPICAL";
:vpi_time_precision - 12;
:vpi_module "system";
:vpi_module "vhdl_sys";
:vpi_module "v2005_math";
:vpi_module "va_math";
S_0x7ff124d09210 .scope module, "adder_tb" "adder_tb" 2 2;
 .timescale -12 -12;
v0x7ff124d19970_0 .var "a", 3 0;
v0x7ff124d19a40_0 .var "b", 3 0;
v0x7ff124d19af0_0 .net "c", 7 0, v0x7ff124d192a0_0;  1 drivers
v0x7ff124d19bc0_0 .var "clk", 0 0;
v0x7ff124d19c70_0 .var "rst_n", 0 0;
S_0x7ff124d09370 .scope module, "DUT" "adder" 2 14, 3 2 0, S_0x7ff124d09210;
 .timescale 0 0;
    .port_info 0 /INPUT 1 "clk"
    .port_info 1 /INPUT 1 "rst_n"
    .port_info 2 /INPUT 4 "a"
    .port_info 3 /INPUT 4 "b"
    .port_info 4 /OUTPUT 8 "c"
v0x7ff124d004f0_0 .net "a", 3 0, v0x7ff124d19970_0;  1 drivers
v0x7ff124d19200_0 .net "b", 3 0, v0x7ff124d19a40_0;  1 drivers
v0x7ff124d192a0_0 .var "c", 7 0;
v0x7ff124d19350_0 .net "clk", 0 0, v0x7ff124d19bc0_0;  1 drivers
v0x7ff124d193f0_0 .net "rst_n", 0 0, v0x7ff124d19c70_0;  1 drivers
E_0x7ff124d020d0/0 .event negedge, v0x7ff124d193f0_0;
E_0x7ff124d020d0/1 .event posedge, v0x7ff124d19350_0;
E_0x7ff124d020d0 .event/or E_0x7ff124d020d0/0, E_0x7ff124d020d0/1;
S_0x7ff124d19550 .scope task, "test" "test" 2 32, 2 32 0, S_0x7ff124d09210;
 .timescale -12 -12;
v0x7ff124d19740_0 .var "e", 7 0;
v0x7ff124d19800_0 .var "in", 3 0;
v0x7ff124d198b0_0 .var "in2", 3 0;
E_0x7ff124d01cc0 .event negedge, v0x7ff124d19350_0;
E_0x7ff124d19700 .event posedge, v0x7ff124d19350_0;
TD_adder_tb.test ;
    %load/vec4 v0x7ff124d19800_0;
    %store/vec4 v0x7ff124d19970_0, 0, 4;
    %load/vec4 v0x7ff124d198b0_0;
    %store/vec4 v0x7ff124d19a40_0, 0, 4;
    %wait E_0x7ff124d19700;
    %wait E_0x7ff124d01cc0;
    %load/vec4 v0x7ff124d19af0_0;
    %load/vec4 v0x7ff124d19740_0;
    %cmp/e;
    %jmp/0xz  T_0.0, 4;
    %vpi_call 2 42 "$display", "It works" {0 0 0};
    %jmp T_0.1;
T_0.0 ;
    %vpi_call 2 44 "$display", "opps %d + %d ~= %d, expect %d", v0x7ff124d19800_0, v0x7ff124d198b0_0, v0x7ff124d19af0_0, v0x7ff124d19740_0 {0 0 0};
T_0.1 ;
    %end;
    .scope S_0x7ff124d09370;
T_1 ;
    %wait E_0x7ff124d020d0;
    %load/vec4 v0x7ff124d193f0_0;
    %cmpi/e 0, 0, 1;
    %jmp/0xz  T_1.0, 4;
    %pushi/vec4 0, 0, 8;
    %assign/vec4 v0x7ff124d192a0_0, 0;
    %jmp T_1.1;
T_1.0 ;
    %load/vec4 v0x7ff124d004f0_0;
    %pad/u 8;
    %load/vec4 v0x7ff124d19200_0;
    %pad/u 8;
    %add;
    %assign/vec4 v0x7ff124d192a0_0, 0;
T_1.1 ;
    %jmp T_1;
    .thread T_1;
    .scope S_0x7ff124d09210;
T_2 ;
    %vpi_call 2 10 "$dumpfile", "wave.vcd" {0 0 0};
    %vpi_call 2 11 "$dumpvars" {0 0 0};
    %end;
    .thread T_2;
    .scope S_0x7ff124d09210;
T_3 ;
    %delay 5, 0;
    %pushi/vec4 0, 0, 1;
    %store/vec4 v0x7ff124d19bc0_0, 0, 1;
    %delay 5, 0;
    %pushi/vec4 1, 0, 1;
    %store/vec4 v0x7ff124d19bc0_0, 0, 1;
    %jmp T_3;
    .thread T_3;
    .scope S_0x7ff124d09210;
T_4 ;
    %pushi/vec4 1, 0, 1;
    %store/vec4 v0x7ff124d19c70_0, 0, 1;
    %pushi/vec4 1, 0, 4;
    %store/vec4 v0x7ff124d19800_0, 0, 4;
    %pushi/vec4 1, 0, 4;
    %store/vec4 v0x7ff124d198b0_0, 0, 4;
    %pushi/vec4 2, 0, 8;
    %store/vec4 v0x7ff124d19740_0, 0, 8;
    %fork TD_adder_tb.test, S_0x7ff124d19550;
    %join;
    %vpi_call 2 30 "$finish" {0 0 0};
    %end;
    .thread T_4;
# The file index is used to find the file name in the following table.
:file_names 4;
    "N/A";
    "<interactive>";
    "tb.v";
    "adder.v";
