#! /usr/local/Cellar/icarus-verilog/10.3/bin/vvp
:ivl_version "10.3 (stable)" "(v10_3)";
:ivl_delay_selection "TYPICAL";
:vpi_time_precision - 12;
:vpi_module "system";
:vpi_module "vhdl_sys";
:vpi_module "v2005_math";
:vpi_module "va_math";
S_0x7ffa77e05320 .scope module, "tbxxxxx" "tbxxxxx" 2 6;
 .timescale -12 -12;
v0x7ffa77e17640_0 .var "a", 31 0;
v0x7ffa77e17710_0 .var "b", 31 0;
v0x7ffa77e177c0_0 .var "clk", 0 0;
v0x7ffa77e17890_0 .var "ctl", 3 0;
v0x7ffa77e17940_0 .net "out", 31 0, v0x7ffa77e16f30_0;  1 drivers
v0x7ffa77e17a10_0 .net "zero", 0 0, L_0x7ffa77c036f0;  1 drivers
S_0x7ffa77e05480 .scope module, "a1" "alu" 2 26, 3 15 0, S_0x7ffa77e05320;
 .timescale 0 0;
    .port_info 0 /INPUT 1 "clk"
    .port_info 1 /INPUT 4 "ctl"
    .port_info 2 /INPUT 32 "a"
    .port_info 3 /INPUT 32 "b"
    .port_info 4 /OUTPUT 32 "out"
    .port_info 5 /OUTPUT 1 "zero"
L_0x7ffa77c03960 .functor XNOR 1, L_0x7ffa77c03a90, L_0x7ffa77c03bb0, C4<0>, C4<0>;
L_0x7ffa77c03f30 .functor XOR 1, L_0x7ffa77c03d70, L_0x7ffa77c03e50, C4<0>, C4<0>;
L_0x7ffa77c04040 .functor AND 1, L_0x7ffa77c03960, L_0x7ffa77c03f30, C4<1>, C4<1>;
L_0x7ffa77c04580 .functor XNOR 1, L_0x7ffa77c043c0, L_0x7ffa77c04460, C4<0>, C4<0>;
L_0x7ffa77c04820 .functor XOR 1, L_0x7ffa77c04630, L_0x7ffa77c04710, C4<0>, C4<0>;
L_0x7ffa77c04920 .functor AND 1, L_0x7ffa77c04580, L_0x7ffa77c04820, C4<1>, C4<1>;
L_0x7ffa77c05100 .functor NOT 1, L_0x7ffa77c04f60, C4<0>, C4<0>, C4<0>;
L_0x105aed008 .functor BUFT 1, C4<00000000000000000000000000000000>, C4<0>, C4<0>, C4<0>;
v0x7ffa77e055e0_0 .net/2u *"_s0", 31 0, L_0x105aed008;  1 drivers
v0x7ffa77e15690_0 .net *"_s11", 0 0, L_0x7ffa77c03bb0;  1 drivers
v0x7ffa77e15730_0 .net *"_s12", 0 0, L_0x7ffa77c03960;  1 drivers
v0x7ffa77e157e0_0 .net *"_s15", 0 0, L_0x7ffa77c03d70;  1 drivers
v0x7ffa77e15880_0 .net *"_s17", 0 0, L_0x7ffa77c03e50;  1 drivers
v0x7ffa77e15970_0 .net *"_s18", 0 0, L_0x7ffa77c03f30;  1 drivers
v0x7ffa77e15a10_0 .net *"_s20", 0 0, L_0x7ffa77c04040;  1 drivers
L_0x105aed050 .functor BUFT 1, C4<01>, C4<0>, C4<0>, C4<0>;
v0x7ffa77e15ab0_0 .net/2s *"_s22", 1 0, L_0x105aed050;  1 drivers
L_0x105aed098 .functor BUFT 1, C4<00>, C4<0>, C4<0>, C4<0>;
v0x7ffa77e15b60_0 .net/2s *"_s24", 1 0, L_0x105aed098;  1 drivers
v0x7ffa77e15c70_0 .net *"_s26", 1 0, L_0x7ffa77c04150;  1 drivers
v0x7ffa77e15d20_0 .net *"_s31", 0 0, L_0x7ffa77c043c0;  1 drivers
v0x7ffa77e15dd0_0 .net *"_s33", 0 0, L_0x7ffa77c04460;  1 drivers
v0x7ffa77e15e80_0 .net *"_s34", 0 0, L_0x7ffa77c04580;  1 drivers
v0x7ffa77e15f20_0 .net *"_s37", 0 0, L_0x7ffa77c04630;  1 drivers
v0x7ffa77e15fd0_0 .net *"_s39", 0 0, L_0x7ffa77c04710;  1 drivers
v0x7ffa77e16080_0 .net *"_s40", 0 0, L_0x7ffa77c04820;  1 drivers
v0x7ffa77e16120_0 .net *"_s42", 0 0, L_0x7ffa77c04920;  1 drivers
L_0x105aed0e0 .functor BUFT 1, C4<01>, C4<0>, C4<0>, C4<0>;
v0x7ffa77e162b0_0 .net/2s *"_s44", 1 0, L_0x105aed0e0;  1 drivers
L_0x105aed128 .functor BUFT 1, C4<00>, C4<0>, C4<0>, C4<0>;
v0x7ffa77e16340_0 .net/2s *"_s46", 1 0, L_0x105aed128;  1 drivers
v0x7ffa77e163e0_0 .net *"_s48", 1 0, L_0x7ffa77c04a50;  1 drivers
L_0x105aed170 .functor BUFT 1, C4<0010>, C4<0>, C4<0>, C4<0>;
v0x7ffa77e16490_0 .net/2u *"_s52", 3 0, L_0x105aed170;  1 drivers
v0x7ffa77e16540_0 .net *"_s54", 0 0, L_0x7ffa77c04d10;  1 drivers
v0x7ffa77e165e0_0 .net *"_s59", 0 0, L_0x7ffa77c04f60;  1 drivers
v0x7ffa77e16690_0 .net *"_s60", 0 0, L_0x7ffa77c05100;  1 drivers
v0x7ffa77e16740_0 .net *"_s63", 0 0, L_0x7ffa77c051b0;  1 drivers
v0x7ffa77e167f0_0 .net *"_s9", 0 0, L_0x7ffa77c03a90;  1 drivers
v0x7ffa77e168a0_0 .net "a", 31 0, v0x7ffa77e17640_0;  1 drivers
v0x7ffa77e16950_0 .net "add_ab", 31 0, L_0x7ffa77c039d0;  1 drivers
v0x7ffa77e16a00_0 .net "b", 31 0, v0x7ffa77e17710_0;  1 drivers
v0x7ffa77e16ab0_0 .net "clk", 0 0, v0x7ffa77e177c0_0;  1 drivers
v0x7ffa77e16b50_0 .net "ctl", 3 0, v0x7ffa77e17890_0;  1 drivers
v0x7ffa77e16c00_0 .net "oflow", 0 0, L_0x7ffa77c04e30;  1 drivers
v0x7ffa77e16ca0_0 .net "oflow_add", 0 0, L_0x7ffa77c042d0;  1 drivers
v0x7ffa77e161c0_0 .net "oflow_sub", 0 0, L_0x7ffa77c04bb0;  1 drivers
v0x7ffa77e16f30_0 .var "out", 31 0;
v0x7ffa77e16fc0_0 .net "slt", 0 0, L_0x7ffa77c052f0;  1 drivers
v0x7ffa77e17050_0 .net "sub_ab", 31 0, L_0x7ffa77c03850;  1 drivers
v0x7ffa77e170e0_0 .net "zero", 0 0, L_0x7ffa77c036f0;  alias, 1 drivers
E_0x7ffa77e030d0 .event posedge, v0x7ffa77e16ab0_0;
L_0x7ffa77c036f0 .cmp/eq 32, L_0x105aed008, v0x7ffa77e16f30_0;
L_0x7ffa77c03850 .arith/sub 32, v0x7ffa77e17640_0, v0x7ffa77e17710_0;
L_0x7ffa77c039d0 .arith/sum 32, v0x7ffa77e17640_0, v0x7ffa77e17710_0;
L_0x7ffa77c03a90 .part v0x7ffa77e17640_0, 31, 1;
L_0x7ffa77c03bb0 .part v0x7ffa77e17710_0, 31, 1;
L_0x7ffa77c03d70 .part L_0x7ffa77c039d0, 31, 1;
L_0x7ffa77c03e50 .part v0x7ffa77e17640_0, 31, 1;
L_0x7ffa77c04150 .functor MUXZ 2, L_0x105aed098, L_0x105aed050, L_0x7ffa77c04040, C4<>;
L_0x7ffa77c042d0 .part L_0x7ffa77c04150, 0, 1;
L_0x7ffa77c043c0 .part v0x7ffa77e17640_0, 31, 1;
L_0x7ffa77c04460 .part v0x7ffa77e17710_0, 31, 1;
L_0x7ffa77c04630 .part L_0x7ffa77c03850, 31, 1;
L_0x7ffa77c04710 .part v0x7ffa77e17640_0, 31, 1;
L_0x7ffa77c04a50 .functor MUXZ 2, L_0x105aed128, L_0x105aed0e0, L_0x7ffa77c04920, C4<>;
L_0x7ffa77c04bb0 .part L_0x7ffa77c04a50, 0, 1;
L_0x7ffa77c04d10 .cmp/eq 4, v0x7ffa77e17890_0, L_0x105aed170;
L_0x7ffa77c04e30 .functor MUXZ 1, L_0x7ffa77c04bb0, L_0x7ffa77c042d0, L_0x7ffa77c04d10, C4<>;
L_0x7ffa77c04f60 .part v0x7ffa77e17640_0, 31, 1;
L_0x7ffa77c051b0 .part v0x7ffa77e17640_0, 31, 1;
L_0x7ffa77c052f0 .functor MUXZ 1, L_0x7ffa77c051b0, L_0x7ffa77c05100, L_0x7ffa77c04bb0, C4<>;
S_0x7ffa77e17210 .scope task, "test" "test" 2 27, 2 27 0, S_0x7ffa77e05320;
 .timescale -12 -12;
v0x7ffa77e17370_0 .var "aa", 31 0;
v0x7ffa77e17420_0 .var "bb", 31 0;
v0x7ffa77e174d0_0 .var "cc", 3 0;
v0x7ffa77e17590_0 .var "oo", 31 0;
E_0x7ffa77e02f80 .event negedge, v0x7ffa77e16ab0_0;
TD_tbxxxxx.test ;
    %load/vec4 v0x7ffa77e174d0_0;
    %store/vec4 v0x7ffa77e17890_0, 0, 4;
    %load/vec4 v0x7ffa77e17370_0;
    %store/vec4 v0x7ffa77e17640_0, 0, 32;
    %load/vec4 v0x7ffa77e17420_0;
    %store/vec4 v0x7ffa77e17710_0, 0, 32;
    %wait E_0x7ffa77e030d0;
    %wait E_0x7ffa77e02f80;
    %load/vec4 v0x7ffa77e17940_0;
    %load/vec4 v0x7ffa77e17590_0;
    %cmp/e;
    %jmp/0xz  T_0.0, 4;
    %vpi_call 2 39 "$display", "It works." {0 0 0};
    %jmp T_0.1;
T_0.0 ;
    %vpi_call 2 41 "$display", "not works." {0 0 0};
T_0.1 ;
    %end;
    .scope S_0x7ffa77e05480;
T_1 ;
    %wait E_0x7ffa77e030d0;
    %load/vec4 v0x7ffa77e16b50_0;
    %dup/vec4;
    %pushi/vec4 2, 0, 4;
    %cmp/u;
    %jmp/1 T_1.0, 6;
    %dup/vec4;
    %pushi/vec4 0, 0, 4;
    %cmp/u;
    %jmp/1 T_1.1, 6;
    %dup/vec4;
    %pushi/vec4 12, 0, 4;
    %cmp/u;
    %jmp/1 T_1.2, 6;
    %dup/vec4;
    %pushi/vec4 1, 0, 4;
    %cmp/u;
    %jmp/1 T_1.3, 6;
    %dup/vec4;
    %pushi/vec4 7, 0, 4;
    %cmp/u;
    %jmp/1 T_1.4, 6;
    %dup/vec4;
    %pushi/vec4 6, 0, 4;
    %cmp/u;
    %jmp/1 T_1.5, 6;
    %dup/vec4;
    %pushi/vec4 13, 0, 4;
    %cmp/u;
    %jmp/1 T_1.6, 6;
    %dup/vec4;
    %pushi/vec4 10, 0, 4;
    %cmp/u;
    %jmp/1 T_1.7, 6;
    %dup/vec4;
    %pushi/vec4 11, 0, 4;
    %cmp/u;
    %jmp/1 T_1.8, 6;
    %jmp T_1.9;
T_1.0 ;
    %load/vec4 v0x7ffa77e16950_0;
    %store/vec4 v0x7ffa77e16f30_0, 0, 32;
    %jmp T_1.9;
T_1.1 ;
    %load/vec4 v0x7ffa77e168a0_0;
    %load/vec4 v0x7ffa77e16a00_0;
    %and;
    %store/vec4 v0x7ffa77e16f30_0, 0, 32;
    %jmp T_1.9;
T_1.2 ;
    %load/vec4 v0x7ffa77e168a0_0;
    %load/vec4 v0x7ffa77e16a00_0;
    %or;
    %inv;
    %store/vec4 v0x7ffa77e16f30_0, 0, 32;
    %jmp T_1.9;
T_1.3 ;
    %load/vec4 v0x7ffa77e168a0_0;
    %load/vec4 v0x7ffa77e16a00_0;
    %or;
    %store/vec4 v0x7ffa77e16f30_0, 0, 32;
    %jmp T_1.9;
T_1.4 ;
    %pushi/vec4 0, 0, 31;
    %load/vec4 v0x7ffa77e16fc0_0;
    %concat/vec4; draw_concat_vec4
    %store/vec4 v0x7ffa77e16f30_0, 0, 32;
    %jmp T_1.9;
T_1.5 ;
    %load/vec4 v0x7ffa77e17050_0;
    %store/vec4 v0x7ffa77e16f30_0, 0, 32;
    %jmp T_1.9;
T_1.6 ;
    %load/vec4 v0x7ffa77e168a0_0;
    %load/vec4 v0x7ffa77e16a00_0;
    %xor;
    %store/vec4 v0x7ffa77e16f30_0, 0, 32;
    %jmp T_1.9;
T_1.7 ;
    %load/vec4 v0x7ffa77e168a0_0;
    %load/vec4 v0x7ffa77e16a00_0;
    %mul;
    %store/vec4 v0x7ffa77e16f30_0, 0, 32;
    %jmp T_1.9;
T_1.8 ;
    %load/vec4 v0x7ffa77e168a0_0;
    %load/vec4 v0x7ffa77e16a00_0;
    %div;
    %store/vec4 v0x7ffa77e16f30_0, 0, 32;
    %jmp T_1.9;
T_1.9 ;
    %pop/vec4 1;
    %jmp T_1;
    .thread T_1;
    .scope S_0x7ffa77e05320;
T_2 ;
    %vpi_call 2 13 "$dumpfile", "wave.vcd" {0 0 0};
    %vpi_call 2 14 "$dumpvars" {0 0 0};
    %end;
    .thread T_2;
    .scope S_0x7ffa77e05320;
T_3 ;
    %pushi/vec4 10, 0, 4;
    %store/vec4 v0x7ffa77e174d0_0, 0, 4;
    %pushi/vec4 10, 0, 32;
    %store/vec4 v0x7ffa77e17370_0, 0, 32;
    %pushi/vec4 10, 0, 32;
    %store/vec4 v0x7ffa77e17420_0, 0, 32;
    %pushi/vec4 100, 0, 32;
    %store/vec4 v0x7ffa77e17590_0, 0, 32;
    %fork TD_tbxxxxx.test, S_0x7ffa77e17210;
    %join;
    %vpi_call 2 18 "$finish" {0 0 0};
    %end;
    .thread T_3;
    .scope S_0x7ffa77e05320;
T_4 ;
    %delay 5, 0;
    %pushi/vec4 0, 0, 1;
    %store/vec4 v0x7ffa77e177c0_0, 0, 1;
    %delay 5, 0;
    %pushi/vec4 1, 0, 1;
    %store/vec4 v0x7ffa77e177c0_0, 0, 1;
    %jmp T_4;
    .thread T_4;
# The file index is used to find the file name in the following table.
:file_names 4;
    "N/A";
    "<interactive>";
    "tb.v";
    "alu.v";
