#! /usr/local/Cellar/icarus-verilog/11.0/bin/vvp
:ivl_version "11.0 (stable)";
:ivl_delay_selection "TYPICAL";
:vpi_time_precision - 12;
:vpi_module "/usr/local/Cellar/icarus-verilog/11.0/lib/ivl/system.vpi";
:vpi_module "/usr/local/Cellar/icarus-verilog/11.0/lib/ivl/vhdl_sys.vpi";
:vpi_module "/usr/local/Cellar/icarus-verilog/11.0/lib/ivl/vhdl_textio.vpi";
:vpi_module "/usr/local/Cellar/icarus-verilog/11.0/lib/ivl/v2005_math.vpi";
:vpi_module "/usr/local/Cellar/icarus-verilog/11.0/lib/ivl/va_math.vpi";
S_0x7f8eb29069f0 .scope module, "tb_fetch" "tb_fetch" 2 6;
 .timescale -12 -12;
v0x7f8eb291e370_0 .var "addr", 31 0;
v0x7f8eb291e440_0 .var "clk", 0 0;
v0x7f8eb291e4f0_0 .net "data", 31 0, L_0x7f8eb291e900;  1 drivers
S_0x7f8eb2906b60 .scope module, "a1" "fetch" 2 24, 3 4 0, S_0x7f8eb29069f0;
 .timescale 0 0;
    .port_info 0 /INPUT 1 "clk";
    .port_info 1 /INPUT 32 "addr";
    .port_info 2 /OUTPUT 32 "data";
P_0x7f8eb29072e0 .param/str "IM_DATA" 0 3 6, "im_data.txt";
P_0x7f8eb2907320 .param/l "NMEM" 0 3 5, +C4<00000000000000000000000010000000>;
L_0x7f8eb291e900 .functor BUFZ 32, L_0x7f8eb291e5c0, C4<00000000000000000000000000000000>, C4<00000000000000000000000000000000>, C4<00000000000000000000000000000000>;
v0x7f8eb2904d20_0 .net *"_ivl_0", 31 0, L_0x7f8eb291e5c0;  1 drivers
v0x7f8eb291db20_0 .net *"_ivl_3", 6 0, L_0x7f8eb291e6a0;  1 drivers
v0x7f8eb291dbc0_0 .net *"_ivl_4", 8 0, L_0x7f8eb291e7a0;  1 drivers
L_0x7f8eb2863008 .functor BUFT 1, C4<00>, C4<0>, C4<0>, C4<0>;
v0x7f8eb291dc50_0 .net *"_ivl_7", 1 0, L_0x7f8eb2863008;  1 drivers
v0x7f8eb291dce0_0 .net "addr", 31 0, v0x7f8eb291e370_0;  1 drivers
v0x7f8eb291ddb0_0 .net "clk", 0 0, v0x7f8eb291e440_0;  1 drivers
v0x7f8eb291de50_0 .net "data", 31 0, L_0x7f8eb291e900;  alias, 1 drivers
v0x7f8eb291df00 .array "mem", 127 0, 31 0;
L_0x7f8eb291e5c0 .array/port v0x7f8eb291df00, L_0x7f8eb291e7a0;
L_0x7f8eb291e6a0 .part v0x7f8eb291e370_0, 2, 7;
L_0x7f8eb291e7a0 .concat [ 7 2 0 0], L_0x7f8eb291e6a0, L_0x7f8eb2863008;
S_0x7f8eb291dfd0 .scope task, "test" "test" 2 26, 2 26 0, S_0x7f8eb29069f0;
 .timescale -12 -12;
v0x7f8eb291e200_0 .var "addr_in", 31 0;
v0x7f8eb291e2c0_0 .var "data_out", 31 0;
E_0x7f8eb291e1a0 .event negedge, v0x7f8eb291ddb0_0;
E_0x7f8eb291e1d0 .event posedge, v0x7f8eb291ddb0_0;
TD_tb_fetch.test ;
    %load/vec4 v0x7f8eb291e200_0;
    %store/vec4 v0x7f8eb291e370_0, 0, 32;
    %wait E_0x7f8eb291e1d0;
    %wait E_0x7f8eb291e1a0;
    %load/vec4 v0x7f8eb291e4f0_0;
    %load/vec4 v0x7f8eb291e2c0_0;
    %cmp/e;
    %jmp/0xz  T_0.0, 4;
    %vpi_call 2 34 "$display", "It works." {0 0 0};
    %jmp T_0.1;
T_0.0 ;
    %vpi_call 2 36 "$display", "not works." {0 0 0};
T_0.1 ;
    %end;
    .scope S_0x7f8eb2906b60;
T_1 ;
    %vpi_call 3 10 "$readmemh", P_0x7f8eb29072e0, v0x7f8eb291df00, 32'sb00000000000000000000000000000000, 32'sb00000000000000000000000001111111 {0 0 0};
    %vpi_call 3 11 "$display", "Read from file." {0 0 0};
    %end;
    .thread T_1;
    .scope S_0x7f8eb29069f0;
T_2 ;
    %vpi_call 2 11 "$dumpfile", "wave.vcd" {0 0 0};
    %vpi_call 2 12 "$dumpvars" {0 0 0};
    %vpi_call 2 13 "$display", "begin tb." {0 0 0};
    %pushi/vec4 0, 0, 32;
    %store/vec4 v0x7f8eb291e200_0, 0, 32;
    %pushi/vec4 255, 0, 32;
    %store/vec4 v0x7f8eb291e2c0_0, 0, 32;
    %fork TD_tb_fetch.test, S_0x7f8eb291dfd0;
    %join;
    %vpi_call 2 15 "$display", "test end tb." {0 0 0};
    %vpi_call 2 16 "$finish" {0 0 0};
    %end;
    .thread T_2;
    .scope S_0x7f8eb29069f0;
T_3 ;
    %delay 5, 0;
    %pushi/vec4 0, 0, 1;
    %store/vec4 v0x7f8eb291e440_0, 0, 1;
    %delay 5, 0;
    %pushi/vec4 1, 0, 1;
    %store/vec4 v0x7f8eb291e440_0, 0, 1;
    %jmp T_3;
    .thread T_3;
# The file index is used to find the file name in the following table.
:file_names 4;
    "N/A";
    "<interactive>";
    "fetch_tb.v";
    "fetch.v";
